<?xml version="1.0" encoding="utf-8"?><testsuites name="pytest tests"><testsuite name="pytest" errors="0" failures="0" skipped="0" tests="15" time="1.357" timestamp="2026-04-20T14:47:44.925865+00:00" hostname="agent-env-f1823ce4-cce0-4fc9-a634-56adde5681ec"><testcase classname="backend.tests.test_mspshield_api.TestHealth" name="test_health" time="0.286" /><testcase classname="backend.tests.test_mspshield_api.TestHealth" name="test_root" time="0.069" /><testcase classname="backend.tests.test_mspshield_api.TestLeadCreate" name="test_create_valid" time="0.059" /><testcase classname="backend.tests.test_mspshield_api.TestLeadCreate" name="test_minimal_valid" time="0.052" /><testcase classname="backend.tests.test_mspshield_api.TestLeadCreate" name="test_invalid_servers" time="0.051" /><testcase classname="backend.tests.test_mspshield_api.TestLeadCreate" name="test_invalid_email" time="0.065" /><testcase classname="backend.tests.test_mspshield_api.TestLeadCreate" name="test_missing_required" time="0.053" /><testcase classname="backend.tests.test_mspshield_api.TestAdmin" name="test_list_no_token" time="0.052" /><testcase classname="backend.tests.test_mspshield_api.TestAdmin" name="test_list_wrong_token" time="0.047" /><testcase classname="backend.tests.test_mspshield_api.TestAdmin" name="test_list_with_token" time="0.127" /><testcase classname="backend.tests.test_mspshield_api.TestAdmin" name="test_stats" time="0.052" /><testcase classname="backend.tests.test_mspshield_api.TestAdmin" name="test_stats_unauthorized" time="0.059" /><testcase classname="backend.tests.test_mspshield_api.TestAdmin" name="test_update_status_valid" time="0.125" /><testcase classname="backend.tests.test_mspshield_api.TestAdmin" name="test_update_status_invalid" time="0.063" /><testcase classname="backend.tests.test_mspshield_api.TestAdmin" name="test_update_status_not_found" time="0.052" /></testsuite></testsuites>